\BOOKMARK [1][-]{section.1}{\376\377\225\356\230\230\143\317\217\360}{}% 1
\BOOKMARK [2][-]{subsection.1.1}{\376\377\133\236\232\214\230\230\166\356}{section.1}% 2
\BOOKMARK [2][-]{subsection.1.2}{\376\377\127\372\147\054\211\201\154\102}{section.1}% 3
\BOOKMARK [2][-]{subsection.1.3}{\376\377\155\113\213\325\145\160\143\156}{section.1}% 4
\BOOKMARK [1][-]{section.2}{\376\377\227\000\154\102\122\006\147\220}{}% 5
\BOOKMARK [1][-]{section.3}{\376\377\151\202\211\201\213\276\213\241}{}% 6
\BOOKMARK [2][-]{subsection.3.1}{\376\377\142\100\165\050\122\060\137\227\145\160\143\156\176\323\147\204\123\312\121\166\000A\000D\000T}{section.3}% 7
\BOOKMARK [2][-]{subsection.3.2}{\376\377\116\073\172\013\136\217\155\101\172\013\123\312\121\166\152\041\127\127\214\003\165\050\121\163\174\373}{section.3}% 8
\BOOKMARK [2][-]{subsection.3.3}{\376\377\150\070\137\303\152\041\127\127\166\204\173\227\154\325\117\052\170\001}{section.3}% 9
\BOOKMARK [1][-]{section.4}{\376\377\213\346\176\306\213\276\213\241}{}% 10
\BOOKMARK [2][-]{subsection.4.1}{\376\377\133\236\163\260\151\202\211\201\213\276\213\241\116\055\166\204\145\160\143\156\176\323\147\204\000A\000D\000T}{section.4}% 11
\BOOKMARK [2][-]{subsection.4.2}{\376\377\133\236\163\260\153\317\116\052\144\315\117\134\166\204\117\052\170\001\377\014\221\315\160\271\213\355\123\345\122\240\154\350\221\312}{section.4}% 12
\BOOKMARK [2][-]{subsection.4.3}{\376\377\116\073\172\013\136\217\124\214\121\166\116\326\152\041\127\127\166\204\117\052\170\001}{section.4}% 13
\BOOKMARK [1][-]{section.5}{\376\377\214\003\213\325\122\006\147\220}{}% 14
\BOOKMARK [2][-]{subsection.5.1}{\376\377\225\356\230\230\122\006\147\220\116\016\117\123\117\032}{section.5}% 15
\BOOKMARK [2][-]{subsection.5.2}{\376\377\145\366\172\172\131\015\147\102\136\246\122\006\147\220}{section.5}% 16
\BOOKMARK [1][-]{section.6}{\376\377\117\177\165\050\213\364\146\016}{}% 17
\BOOKMARK [1][-]{section.7}{\376\377\155\113\213\325\176\323\147\234}{}% 18
\BOOKMARK [2][-]{subsection.7.1}{\376\377\217\223\121\145\145\160\143\156}{section.7}% 19
\BOOKMARK [2][-]{subsection.7.2}{\376\377\217\223\121\372\145\160\143\156}{section.7}% 20
\BOOKMARK [1][-]{appendix.A}{\376\377\133\236\232\214\156\220\116\343\170\001\145\207\116\366}{}% 21
\BOOKMARK [1][-]{appendix.B}{\376\377\133\236\232\214\165\050\155\113\213\325\145\207\116\366}{}% 22
